[    0.000000] Initializing cgroup subsys cpuset
[    0.000000] Initializing cgroup subsys cpu
[    0.000000] Initializing cgroup subsys cpuacct
[    0.000000] Linux version 4.4.0-177-generic (buildd@lgw01-amd64-035) (gcc version 5.4.0 20160609 (Ubuntu 5.4.0-6ubuntu1~16.04.12) ) #207-Ubuntu SMP Mon Mar 16 01:16:10 UTC 2020 (Ubuntu 4.4.0-177.207-generic 4.4.214)
[    0.000000] Command line: BOOT_IMAGE=/boot/vmlinuz-4.4.0-177-generic root=LABEL=cloudimg-rootfs ro console=tty1 console=ttyS0
[    0.000000] KERNEL supported cpus:
[    0.000000]   Intel GenuineIntel
[    0.000000]   AMD AuthenticAMD
[    0.000000]   Centaur CentaurHauls
[    0.000000] x86/fpu: xstate_offset[2]:  576, xstate_sizes[2]:  256
[    0.000000] x86/fpu: Supporting XSAVE feature 0x01: 'x87 floating point registers'
[    0.000000] x86/fpu: Supporting XSAVE feature 0x02: 'SSE registers'
[    0.000000] x86/fpu: Supporting XSAVE feature 0x04: 'AVX registers'
[    0.000000] x86/fpu: Enabled xstate features 0x7, context size is 832 bytes, using 'standard' format.
[    0.000000] e820: BIOS-provided physical RAM map:
[    0.000000] BIOS-e820: [mem 0x0000000000000000-0x000000000009fbff] usable
[    0.000000] BIOS-e820: [mem 0x000000000009fc00-0x000000000009ffff] reserved
[    0.000000] BIOS-e820: [mem 0x00000000000f0000-0x00000000000fffff] reserved
[    0.000000] BIOe8: [mem 0x0000000000100000-0x000000003ffeffff] usable
[    0.000000] BIOS-e820: [mem 0x000000003fff0000-0x000000003fffffff] ACPI data
[    0.000000] BIOS-e820: [mem 0x00000000fec00000-0x00000000fec00fff] reserved
[    0.000000] BIOS-e820: [mem 0x00000000fee00000-0x00000000fee00fff] reserved
[    0.000000] BIOS-e820: [mem 0x00000000fffc0000-0x00000000ffffffff] reserved
[    0.000000] NX (Execute Disable) protection: active
[    0.000000] SMBIOS 2.5 present.
[    0.000000] Hypervisor detected: KVM
[    0.000000] e820: last_pfn = 0x3fff0 max_arch_pfn = 0x400000000
[    0.000000] MTRR: Disabled
[    0.000000] x86/PAT: MTRRs disabled, skipping PAT initialization too.
[    0.000000] CPU MTRRs all blank - virtualized system.
[    0.000000] x86/PAT: Configuration [0-7]: WB  WT  UC- UC  WB  WT  UC- UC  
[    0.000000] found SMP MP-table at [mem 0x0009fff0-0x0009ffff] mapped at [ffff88000009fff0]
[    0.000000] Scanning 1 areas for low memory corruption
[    0.000000] RAMDISK: [mem 0x362e2000-0x37168fff]
[    0.000000] ACPI: Early table checksum verification disabled
[    0.000000] ACPI: RSDP 0x00000000000E0000 000024 (v02 VBOX  )
[    0.000000] ACPI: XSDT 0x000000003FFF0030 00003C (v01 VBOX   VBOXXSDT 00000001 ASL  00000061)
[    0.000000] ACPI: FACP 0x000000003FFF00F0 0000F4 (v04 VBOX   VBOXFACP 00000001 ASL  00000061)
[    0.000000] ACPI: DSDT 0x000000003FFF0470 0021FF (v02 VBOX   VBOXBIOS 00000002 INTL 20180105)
[    0.000000] ACPI: FACS 0x000000003FFF0200 000040
[    0.000000] ACPI: FACS 0x000000003FFF0200 000040
[    0.000000] ACPI: APIC 0x000000003FFF0240 00005C (v02 VBOX   VBOXAPIC 00000001 ASL  00000061)
[    0.000000] ACPI: SSDT 0x000000003FFF02A0 0001CC (v01 VBOX   VBOXCPUT 00000002 INTL 20180105)
[    0.000000] No NUMA configuration found
[    0.000000] Faking a node at [mem 0x0000000000000000-0x000000003ffeffff]
[    0.000000] NODE_DATA(0) allocated [mem 0x3ffeb000-0x3ffeffff]
[    0.000000] kvm-clock: Using msrs 4b564d01 and 4b564d00
[    0.000000] kvm-clock: cpu 0, msr 0:3ffe3001, primary cpu clock
[    0.000000] kvm-clock: using sched offset of 3163169397 cycles
[    0.000000] clocksource: kvm-clock: mask: 0xffffffffffffffff max_cycles: 0x1cd42e4dffb, max_idle_ns: 881590591483 ns
[    0.000000] Zone ranges:
[    0.000000]   DMA      [mem 0x0000000000001000-0x0000000000ffffff]
[    0.000000]   DMA32    [mem 0x0000000001000000-0x000000003ffeffff]
[    0.000000]   Normal   empty
[    0.000000]   Device   empty
[    0.000000] Movable zone start for each node
[    0.000000] Early memory node ranges
[    0.000000]   node   0: [mem 0x0000000000001000-0x000000000009efff]
[    0.000000]   node   0: [mem 0x0000000000100000-0x000000003ffeffff]
[    0.000000] Initmem setup node 0 [mem 0x0000000000001000-0x000000003ffeffff]
[    0.000000] ACPI: PM-Timer IO Port: 0x4008
[    0.000000] IOAPIC[0]: apic_id 2, version 32, address 0xfec00000, GSI 0-23
[    0.000000] ACPI: INT_SRC_OVR (bus  bus_irq 0 global_irq 2 dfl dfl)
[    0.000000] ACPI: INT_SRC_OVR (bus 0 bus_irq 9 global_irq 9 low level)
[    0.000000] Using ACPI (MADT) for SMP configuration information
[    0.000000] smpboot: Allowing 2 CPUs, 0 hotplug CPUs
[    0.000000] PM: Registered nosave memory: [mem 0x00000000-0x00000fff]
[    0.000000] PM: Registered nosave memory: [mem 0x0009f000-0x0009ffff]
[    0.000000] PM: Registered nosave memory: [mem 0x000a0000-0x000effff]
[    0.000000] PM: Registered nosave memory: [mem 0x000f0000-0x000fffff]
[    0.000000] e820: [mem 0x40000000-0xfebfffff] available for PCI devices
[    0.000000] Booting paravirtualized kernel on KVM
[    0.000000] clocksource: refined-jiffies: mask: 0xffffffff max_cycles: 0xffffffff, max_idle_ns: 7645519600211568 ns
[    0.000000] setup_percpu: NR_CPUS:512 nr_cpumask_bits:512 nr_cpu_ids:2 nr_node_ids:1
[    0.000000] PERCPU: Embedded 33 pages/cpu @ffff88003fc00000 s95448 r8192 d31528 u1048576
[    0.000000] Built 1 zonelists in Node order, mobility grouping on.  Total pages: 257912
[    0.000000] Policy zone: DMA32
[    0.000000] Kernel command line: BOOT_IMAGE=/boot/vmlinuz-4.4.0-177-generic root=LABEL=cloudimg-rootfs ro console=tty1 console=ttyS0
[    0.000000] PID hash table entries: 4096 (order: 3, 32768 bytes)
[    0.000000] Memory: 997676K/1048120K available (8626K kernel code, 1336K rwdata, 4036K rodata, 1488K init, 1292K bss, 50444K reserved, 0K cma-reserved)
[    0.000000] SLUB: HWalign=64, Order=0-3, MinObjects=0, CPUs=2, Nodes=1
[    0.000000] Kernel/User page tables isolation: enabled
[    0.000000] Hierarchical RCU implementation.
[    0.000000] 	Build-time adjustment of leaf fanout to 64.
[    0.000000] 	RCU restricting CPUs from NR_CPUS=512 to nr_cpu_ids=2.
[    0.000000] RCU: Adjusting geometry for rcu_fanout_leaf=64, nr_cpu_ids=2
[    0.000000] NR_IRQS:33024 nr_irqs:440 16
[    0.000000] Console: colour VGA+ 80x25
[    0.000000] console [tty1] enabled
[    0.000000] console [ttyS0] enabled
[    0.000000] tsc: Detected 1799.992 MHz processor
[    0.219686] Calibrating delay loop (skipped) preset value.. 3599.98 BogoMIPS (lpj=7199968)
[    0.221165] pid_max: default: 32768 minimum: 301
[    0.221952] ACPI: Core revision 20150930
[    0.223481] ACPI: 2 ACPI AML tables successfully acquired and loaded
[    0.224609] Security Framework initialized
[    0.225335] Yama: becoming mindful.
[    0.226068] AppArmor: AppArmor initialized
[    0.226899] Dentry cache hash table entries: 131072 (order: 8, 1048576 bytes)
[    0.228720] Inode-cache hash table entries: 65536 (order: 7, 524288 bytes)
[    0.229900] Mount-cache hash table entries: 2048 (order: 2, 16384 bytes)
[    0.231053] Mountpoint-cache hash table entries: 2048 (order: 2, 16384 bytes)
[    0.232307] Initializing cgroup subsys io
[    0.233014] Initializing cgroup subsys memory
[    0.233774] Initializing cgroup subsys devices
[    0.234578] Initializing cgroup subsys freezer
[    0.235388] Initializing cgroup subsys net_cls
[    0.236145] Initializing cgroup subsys perf_event
[    0.236973] Initializing cgroup subsys net_prio
[    0.237740] Initializing cgroup subsys hugetlb
[    0.238547] Initializing cgroup subsys pids
[    0.240505] mce: CPU supports 0 MCE banks
[    0.241229] Last level iTLB entries: 4KB 64, 2MB 8, 4MB 8
[    0.242153] Last level dTLB entries: 4KB 64, 2MB 0, 4MB 0, 1GB 4
[    0.243191] Spectre V1 : Mitigation: usercopy/swapgs barriers and __user pointer sanitization
[    0.244609] Spectre V2 : Mitigation: Full generic retpoline
[    0.245544] Spectre V2 : Spectre v2 / SpectreRSB mitigation: Filling RSB on context switch
[    0.247012] Speculative Store Bypass: Vulnerable
[    0.247867] MDS: Mitigation: Clear CPU buffers
[    0.250602] Freeing SMP alternatives memory: 36K
[    0.255583] ftrace: allocating 32304 entries in 127 pages
[    0.300742] smpboot: APIC(0) Converting physical 0 to logical package 0
[    0.301912] smpboot: Max logical packages: 1
[    0.302947] x2apic enabled
[    0.303683] Switched APIC routing to physical x2apic.
[    0.305705] ..TIMER: vector=0x30 apic1=0 pin1=2 apic2=-1 pin2=-1
[    0.414846] smpboot: CPU0: Intel(R) Core(TM) i5-8265U CPU @ 1.60GHz (family: 0x6, model: 0x8e, stepping: 0xc)
[    0.416742] Performance Events: unsupported p6 CPU model 142 no PMU driver, software events only.
[    0.426675] KVM setup paravirtual spinlock
[    0.428356] x86: Booting SMP configuration:
[    0.429279] .... node  #0, CPUs:      #1
[    0.430093] kvm-clock: cpu 1, msr 0:3ffe3041, secondary cpu clock
[    0.431754] mce: CPU supports 0 MCE banks
[    0.434161] x86: Booted up 1 node, 2 CPUs
[    0.435048] smpboot: Total of 2 processors activated (7199.96 BogoMIPS)
[    0.436461] devtmpfs: initialized
[    0.438746] evm: security.selinux
[    0.439386] evm: security.SMACK64
[    0.440018] evm: security.SMACK64EXEC
[    0.440694] evm: security.SMACK64TRANSMUTE
[    0.441422] evm: security.SMACK64MMAP
[    0.442119] evm: security.ima
[    0.442812] evm: security.capability
[    0.443727] clocksource: jiffies: mask: 0xffffffff max_cycles: 0xffffffff, max_idle_ns: 7645041785100000 ns
[    0.452143] futex hash table entries: 512 (order: 3, 32768 bytes)
[    0.453257] pinctrl core: initialized pinctrl subsystem
[    0.454221] RTC time:  0:50:30, date: 04/11/20
[    0.455186] NET: Registered protocol family 16
[    0.467240] cpuidle: using governor ladder
[    0.478782] cpuidle: using governor menu
[    0.479581] PCCT header not found.
[    0.480305] ACPI: bus type PCI registered
[    0.481006] acpiphp: ACPI Hot Plug PCI Controller Driver version: 0.5
[    0.482199] PCI: Using configuration type 1 for base access
[    0.494706] ACPI: Added _OSI(Module Device)
[    0.498412] ACPI: Added _OSI(Processor Device)
[    0.526844] ACPI: Added _OSI(3.0 _SCP Extensions)
[    0.527795] ACPI: Added _OSI(Processor Aggregator Device)
[    0.529533] ACPI: Executed 1 blocks of module-level executable AML code
[    0.532876] ACPI: Interpreter enabled
[    0.533588] ACPI: (supports S0 S5)
[    0.534251] ACPI: Using IOAPIC for interrupt routing
[    0.535250] PCI: Using host bridge windows from ACPI; if necessary, use "pci=nocrs" and report a bug
[    0.539552] ACPI: PCI Root Bridge [PCI0] (domain 0000 [bus 00-ff])
[    0.540458] acpi PNP0A03:00: _OSC: OS supports [ASPM ClockPM Segments MSI]
[    0.541452] acpi PNP0A03:00: _OSC: not requesting OS control; OS requires [ExtendedConfig ASPM ClockPM MSI]
[    0.548406] acpi PNP0A03:00: fail to add MMCONFIG information, can't access extended PCI configuration space under this bridge.
[    0.550228] PCI host bridge to bus 0000:00
[    0.550873] pci_bus 0000:00: root bus resource [io  0x0000-0x0cf7 window]
[    0.551804] pci_bus 0000:00: root bus resource [io  0x0d00-0xffff window]
[    0.552730] pci_bus 0000:00: root bus resource [mem 0x000a0000-0x000bffff window]
[    0.553883] pci_bus 0000:00: root bus resource [mem 0x40000000-0xfdffffff window]
[    0.555049] pci_bus 0000:00: root bus resource [bus 00-ff]
[    0.557129] pci 0000:00:01.1: legacy IDE quirk: reg 0x10: [io  0x01f0-0x01f7]
[    0.558113] pci 0000:00:01.1: legacy IDE quirk: reg 0x14: [io  0x03f6]
[    0.570629] pci 0000:00:01.1: legacy IDE quirk: reg 0x18: [io  0x0170-0x0177]
[    0.571610] pci 0000:00:01.1: legacy IDE quirk: reg 0x1c: [io  0x0376]
[    0.591417] pci 0000:00:07.0: quirk: [io  0x4000-0x403f] claimed by PIIX4 ACPI
[    0.639789] pci 0000:00:07.0: quirk: [io  0x4100-0x410f] claimed by PIIX4 SMB
[    0.648411] ACPI: PCI Interrupt Link [LNKA] (IRQs 5 9 10 *11)
[    0.663027] ACPI: PCI Interrupt Link [LNKB] (IRQs 5 9 *10 11)
[    0.664370] ACPI: PCI Interrupt Link [LNKC] (IRQs 5 *9 10 11)
[    0.665703] ACPI: PCI Interrupt Link [LNKD] (IRQs 5 9 10 *11)
[    0.667083] ACPI: Enabled 2 GPEs in block 00 to 07
[    0.668237] vgaarb: setting as boot device: PCI:0000:00:02.0
[    0.669177] vgaarb: device added: PCI:0000:00:02.0,decodes=io+mem,owns=io+mem,locks=none
[    0.670570] vgaarb: loaded
[    0.671063] vgaarb: bridge control possible 0000:00:02.0
[    0.672033] SCSI subsystem initialized
[    0.672761] ACPI: bus type USB registered
[    0.673418] usbcore: registered new interface driver usbfs
[    0.674229] usbcore: registered new interface driver hub
[    0.675852] usbcore: registered new device driver usb
[    0.677699] PCI: Using ACPI for IRQ routing
[    0.678839] NetLabel: Initializing
[    0.679538] NetLabel:  domain hash size = 128
[    0.680282] NetLabel:  protocols = UNLABELED CIPSOv4
[    0.681735] NetLabel:  unlabeled traffic allowed by default
[    0.682950] amd_nb: Cannot enumerate AMD northbridges
[    0.683852] clocksource: Switched to clocksource kvm-clock
[    0.689845] AppArmor: AppArmor Filesystem Enabled
[    0.690755] pnp: PnP ACPI init
[    0.692033] pnp: PnP ACPI: found 3 devices
[    0.700536] clocksource: acpi_pm: mask: 0xffffff max_cycles: 0xffffff, max_idle_ns: 2085701024 ns
[    0.702146] NET: Registered protocol family 2
[    0.703068] TCP established hash table entries: 8192 (order: 4, 65536 bytes)
[    0.704566] TCP bind hash table entries: 8192 (order: 5, 131072 bytes)
[    0.705590] TCP: Hash tables configured (established 8192 bind 8192)
[    0.706646] UDP hash table entries: 512 (order: 2, 16384 bytes)
[    0.707588] UDP-Lite hash table entries: 512 (order: 2, 16384 bytes)
[    0.708622] NET: Registered protocol family 1
[    0.709416] pci 0000:00:00.0: Limiting direct PCI/PCI transfers
[    0.710415] pci 0000:00:01.0: Activating ISA DMA hang workarounds
[    0.711479] Unpacking initramfs...
[   008855148] Freeing initrd memory: 14876K
[    1.139652] clocksource: tsc: mask: 0xffffffffffffffff max_cycles: 0x19f22218814, max_idle_ns: 440795285422 ns
[    1.141268] platform rtc_cmos: registered platform RTC device (no PNP device found)
[    1.142748] Scanning for low memory corruption every 60 seconds
[    1.145812] audit: initializing netlink subsys (disabled)
[    1.146858] audit: type=2000 audit(1586566235.540:1): initialized
[    1.160060] Initialise system trusted keyring
[    1.160942] HugeTLB registered 2 MB page size, pre-allocated 0 pages
[    1.162936] zbud: loaded
[    1.163881] VFS: Disk quotas dquot_6.6.0
[    1.164556] VFS: Dquot-cache hash table entries: 512 (order 0, 4096 bytes)
[    1.165688] squashfs: version 4.0 (2009/01/31) Phillip Lougher
[    1.166800] fuse init (API version 7.23)
[    1.167526] Key type big_key registered
[    1.168174] Allocating IMA MOK and blacklist keyrings.
[    1.169762] Key type asymmetric registered
[    1.170415] Asymmetric key parser 'x509' registered
[    1.171186] Block layer SCSI generic (bsg) driver version 0.4 loaded (major 249)
[    1.172398] io scheduler noop registered
[    1.173023] io scheduler deadline registered (default)
[    1.173804] io scheduler cfq registered
[    1.174515] pci_hotplug: PCI Hot Plug PCI Core version: 0.5
[    1.175324] pciehp: PCI Express Hot Plug Controller Driver version: 0.4
[    1.176360] ACPI: AC Adapter [AC] (on-line)
[    1.177063] input: Power Button as /devices/LNXSYSTM:00/LNXPWRBN:00/input/input0
[    1.178224] ACPI: Power Button [PWRF]
[    1.178870] input: Sleep Button as /devices/LNXSYSTM:00/LNXSLPBN:00/input/input1
[    1.180027] ACPI: Sleep Button [SLPF]
[    1.181251] ACPI: Battery Slot [BAT0] (battery present)
[   111182060] GHES: HEST is not enabled!
[    1.362716] Serial: 8250/16550 driver, 32 ports, IRQ sharing enabled
[    1.387422] 00:02: ttyS0 at I/O 0x3f8 (irq = 4, base_baud = 115200) is a 16550A
[    1.391316] Linux agpgart interface v0.103
[    1.393109] loop: module loaded
[    1.394134] scsi host0: ata_piix
[    1.394873] scsi host1: ata_piix
[    1.395450] ata1: PATA max UDMA/33 cmd 0x1f0 ctl 0x3f6 bmdma 0xd000 irq 14
[    1.396417] ata2: PATA max UDMA/33 cmd 0x170 ctl 0x376 bmdma 0xd008 irq 15
[    1.397446] libphy: Fixed MDIO Bus: probed
[    1.398110] tun: Universal TUN/TAP device driver, 1.6
[    1.398862] tun: (C) 1999-2004 Max Krasnyansky <maxk@qualcomm.com>
[    1.399766] PPP generic driver version 2.4.2
[    1.400505] ehci_hcd: USB 2.0 'Enhanced' Host Controller (EHCI) Driver
[    1.401426] ehci-pci: EHCI PCI platform driver
[    1.402140] ehci-platform: EHCI generic platform driver
[    1.406030] ohci_hcd: USB 1.1 'Open' Host Controller (OHCI) Driver
[    1.407792] ohci-pci: OHCI PCI platform driver
[    1.409237] ohci-platform: OHCI generic platform driver
[    1.410320] uhci_hcd: USB Universal Host Controller Interface driver
[    1.411281] i8042: PNP: PS/2 Controller [PNP0303:PS2K,PNP0f03:PS2M] at 0x60,0x64 irq 1,12
[    1.412943] serio: i8042 KBD port at 0x60,0x64 irq 1
[    1.413686] serio: i8042 AUX port at 0x60,0x64 irq 12
[    1.609772] mousedev: PS/2 mouse device common for all mice
[    1.610962] rtc_cmos rtc_cmos: rtc core: registered rtc_cmos as rtc0
[    1.613471] rtc_cmos rtc_cmos: alarms up to one day, 114 bytes nvram
[    1.614398] i2c /dev entries driver
[    1.615020] input: AT Translated Set 2 keyboard as /devices/platform/i8042/serio0/input/input2
[    1.682058] device-mapper: uevent: version 1.0.3
[    1.684067] device-mapper: ioctl: 4.34.0-ioctl (2015-10-28) initialised: dm-devel@redhat.com
[    1.686739] ledtrig-cpu: registered to indicate activity on CPUs
[    1.688348] NET: Registered protocol family 10
[    1.689269] NET: Registered protocol family 17
[    1.689967] Key type dns_resolver registered
[    1.690883] registered taskstats version 1
[    1.750117] Loading compiled-in X.509 certificates
[    1.751911] Loaded X.509 cert 'Build time autogenerated kernel key: a048edf52b07f04005c7780de0f875c713550332'
[    1.753931] zswap: loaded using pool lzo/zbud
[    1.756914] Key type trusted registered
[    1.760176] Key type encrypted registered
[    1.668859] AppArmor: AppArmor sha1 policy hashing enabled
[    1.989782] ima: No TPM chip found, activating TPM-bypass!
[    1.990691] ima: Allocated hash algorithm: sha1
[    1.991436] evm: HMAC attrs: 0x1
[    1.992342]   Magic number: 0:597:809
[    1.993053] rtc_cmos rtc_cmos: setting system clock to 2020-04-11 00:50:32 UTC (1586566232)
[    1.994592] BIOS EDD facility v0.16 2004-Jun-25, 0 devices found
[    1.995435] EDD information not available.
[    1.997446] Freeing unused kernel memory: 1488K
[    2.008182] Write protecting the kernel read-only data: 14336k
[    2.011769] Freeing unused kernel memory: 1604K
[    2.013696] Freeing unused kernel memory: 60K
Loading, please wait...
starting version 229
[    2.031010] random: systemd-udevd: uninitialized urandom read (16 bytes read, 3 bits of entropy available)
[    2.031625] random: udevadm: uninitialized urandom read (16 bytes read, 3 bits of entropy available)
[    2.031645] random: udevadm: uninitialized urandom read (16 bytes read, 3 bits of entropy available)
[    2.036560] random: systemd-udevd: uninitialized urandom read (16 bytes read, 3 bits of entropy available)
[    2.038151] random: systemd-udevd: uninitialized urandom read (16 bytes read, 3 bits of entropy available)
[    2.038687] random: udevadm: uninitialized urandom read (16 bytes read, 3 bits of entropy available)
[    2.038728] random: udevadm: uninitialized urandom read (16 bytes read, 3 bits of entropy available)
[    2.038842] random: udevadm: uninitialized urandom read (16 bytes read, 3 bits of entropy available)
[    2.038883] random: udevadm: uninitialized urandom read (16 bytes read, 3 bits of entropy available)
[    2.038924] random: udevadm: uninitialized urandom read (16 bytes read, 3 bits of entropy available)
[    2.070407] e1000: Intel(R) PRO/1000 Network Driver - version 7.3.21-k8-NAPI
[    2.244470] e1000: Copyright (c) 1999-2006 Intel Corporation.
[    2.267966] AVX2 version of gcm_enc/dec engaged.
[    2.288252] Fusion MPT base driver 3.04.20
[    2.288252] Copyright (c) 1999-2008 LSI Corporation
[    2.346217] AES CTR mode by8 optimization enabled
[    2.349521] Fusion MPT SPI Host driver 3.04.20
[    2.484803] input: ImExPS/2 Generic Explorer Mouse as /devices/platform/i8042/serio1/input/input4
[    2.680575] e1000 0000:00:03.0 eth0: (PCI:33MHz:32-bit) 02:ba:b8:ca:39:a3
[    2.840999] e1000 0000:00:03.0 eth0: Intel(R) PRO/1000 Network Connection
[    2.842614] mptbase: ioc0: Initiating bringup
[    3.160032] ioc0: LSI53C1030 A0: Capabilities={Initiator}
[    4.705176] scsi host2: ioc0: LSI53C1030 A0, FwRev=00000000h, Ports=1, MaxQ=256, IRQ=20
[    5.143606] scsi 2:0:0:0: Direct-Access     VBOX     HARDDISK         1.0  PQ: 0 ANSI: 5
[    5.197946] scsi target2:0:0: Beginning Domain Validation
[    5.199840] scsi target2:0:0: Domain Validation skipping write tests
[    5.200795] scsi target2:0:0: Ending Domain Validation
[    5.212301] scsi target2:0:0: asynchronous
[    5.220069] scsi 2:0:1:0: Direct-Access     VBOX     HARDDISK         1.0  PQ: 0 ANSI: 5
[    5.251360] scsi target2:0:1: Beginning Domain Validation
[    5.253313] scsi target2:0:1: Domain Validation skipping write tests
[    5.254261] scsi target2:0:1: Ending Domain Validation
[    5.255082] scsi target2:0:1: asynchronous
[    5.264565] sd 2:0:0:0: Attached scsi generic sg0 type 0
[    5.271955] sd 2:0:0:0: [sda] 20971520 512-byte logical blocks: (10.7 GB/10.0 GiB)
[    5.276639] sd 2:0:0:0: [sda] Write Protect is off
[    5.281042] sd 2:0:0:0: [sda] Incomplete mode parameter data
[    5.281043] sd 2:0:0:0: [sda] Assuming drive cache: write through
[    5.290894] sd 2:0:1:0: Attached scsi generic sg1 type 0
[    5.292077] sd 2:0:1:0: [sdb] 20480 512-byte logical blocks: (10.5 MB/10.0 MiB)
[    5.293482] sd 2:0:1:0: [sdb] Write Protect is off
[    5.294481] sd 2:0:1:0: [sdb] Incomplete mode parameter data
[    5.295379] sd 2:0:1:0: [sdb] Assuming drive cache: write through
[    5.296308]  sda: sda1
[    5.297754] sd 2:0:0:0: [sda] Attached SCSI disk
[    5.300033] sd 2:0:1:0: [sdb] Attached SCSI disk
[    5.510438] e1000 0000:00:08.0 eth1: (PCI:33MHz:32-bit) 08:00:27:0f:5e:0d
[    5.512575] e1000 0000:00:08.0 eth1: Intel(R) PRO/1000 Network Connection
[    5.514205] e1000 0000:00:08.0 enp0s8: renamed from eth1
[    5.528923] e1000 0000:00:03.0 enp0s3: renamed from eth0
Begin: Loading e[    7.078399] md: linear personality registered for level -1
ssential drivers ... [    7.094402] md: multipath personality registered for level -4
[    7.113027] md: raid0 personality registered for level 0
[    7.116398] md: raid1 personality registered for level 1
[    7.195907] raid6: sse2x1   gen() 11512 MB/s
[    7.271903] raid6: sse2x1   xor()  7682 MB/s
[    7.343916] raid6: sse2x2   gen() 15750 MB/s
[    7.415911] raid6: sse2x2   xor() 10144 MB/s
[    7.487913] raid6: sse2x4   gen() 15286 MB/s
[    7.563912] raid6: sse2x4   xor()  9969 MB/s
[    7.639903] raid6: avx2x1   gen() 22873 MB/s
[    7.731910] raid6: avx2x2   gen() 29282 MB/s
[    7.815908] raid6: avx2x4   gen() 32258 MB/s
[    7.821928] raid6: using algorithm avx2x4 gen() 32258 MB/s
[    7.822724] raid6: using avx2x2 recovery algorithm
[    7.824596] xor: automatically using best checksumming function:
[    7.876252]    avx       : 76249.000 MB/sec
[    7.881023] async_tx: api initialized (async)
[    7.888862] md: raid6 personality registered for level 6
[    7.916131] md: raid5 personality registered for level 5
[    7.917018] md: raid4 personality registered for level 4
[    7.923013] md: raid10 personality registered for level 10
done.
Begin: Running /scripts/init-premount ... done.
Begin: Mounting root file system ... Begin: Running /scripts/local-top ... done.
Begin: Running /[    7.951413] Btrfs loaded
scripts/local-premount ... Scanning for Btrfs filesystems
done.
Warning: fsck no[    8.097025] EXT4-fs (sda1): mounted filesystem with ordered data mode. Opts: (null)
t present, so skipping root file system
done.
Begin: Running /scripts/local-bottom ... done.
Begin: Running /scripts/init-bottom ... done.
[    8.257269] systemd[1]: systemd 229 running in system mode. (+PAM +AUDIT +SELINUX +IMA +APPARMOR +SMACK +SYSVINIT +UTMP +LIBCRYPTSETUP +GCRYPT +GNUTLS +ACL +XZ -LZ4 +SECCOMP +BLKID +ELFUTILS +KMOD -IDN)
[    8.292465] systemd[1]: Detected virtualization oracle.
[    8.293359] systemd[1]: Detected architecture x86-64.

Welcome to [1mUbuntu 16.04.6 LTS[0m!

[    8.297566] systemd[1]: Set hostname to <ubuntu>.
[    8.301418] systemd[1]: Initializing machine ID from random generator.
[    8.341783] systemd[1]: Installed transient /etc/machine-id file.
[    8.512726] systemd[1]: Started Trigger resolvconf update for networkd DNS.
[[0;32m  OK  [0m] Started Trigger resolvconf update for networkd DNS.
[    8.681216] systemd[1]: Reached target User and Group Name Lookups.
[[0;32m  OK  [0m] Reached target User and Group Name Lookups.
[    8.692246] systemd[1]: Reached target Encrypted Volumes.
[[0;32m  OK  [0m] Reached target Encrypted Volumes.
[    8.697307] systemd[1]: Listening on Journal Audit Socket.
[[0;32m  OK  [0m] Listening on Journal Audit Socket.
[    8.701178] systemd[1]: Reached target System Time Synchronized.
[[0;32m  OK  [0m] Reached target System Time Synchronized.
[    8.846196] systemd[1]: Listening on Journal Socket (/dev/log).
[[0;32m  OK  [0m] Listening on Journal Socket (/dev/log).
[    8.960990] systemd[1]: Listening on udev Kernel Socket.
[[0;32m  OK  [0m] Listening on udev Kernel Socket.
[    8.968448] systemd[1]: Listening on /dev/initctl Compatibility Named Pipe.
[[0;32m  OK  [0m] Listening on /dev/initctl Compatibility Named Pipe.
[    8.977243] systemd[1]: Reached target Swap.
[[0;32m  OK  [0m] Reached target Swap.
[    9.004507] systemd[1]: Created slice User and Session Slice.
[[0;32m  OK  [0m] Created slice User and Session Slice.
[    9.017029] systemd[1]: Set up automount Arbitrary Executable File Formats File System Automount Point.
[[0;32m  OK  [0m] Set up automount Arbitrary Executab...ats File System Automount Point.
[    9.124600] systemd[1]: Listening on Syslog Socket.
[[0;32m  OK  [0m] Listening on Syslog Socket.
[    9.126077] systemd[1]: Listening on LVM2 metadata daemon socket.
[[0;32m  OK  [0m] Listening on LVM2 metadata daemon socket.
[    9.128022] systemd[1]: Created slice System Slice.
[[0;32m  OK  [0m] Created slice System Slice.
[    9.129662] systemd[1]: Created slice system-serial\x2dgetty.slice.
[[0;32m  OK  [0m] Created slice system-serial\x2dgetty.slice.
[    9.131566] systemd[1]: Started Forward Password Requests to Wall Directory Watch.
[[0;32m  OK  [0m] Started Forward Password Requests to Wall Directory Watch.
[    9.152051] systemd[1]: Listening on Device-mapper event daemon FIFOs.
[[0;32m  OK  [0m] Listening on Device-mapper event daemon FIFOs.
[    9.154548] systemd[1]: Listening on Journal Socket.
[[0;32m  OK  [0m] Listening on Journal Socket.
[    9.175378] systemd[1]: Starting Journal Service...
         Starting Journal Service...
[    9.177711] systemd[1]: Starting Nameserver information manager...
         Starting Nameserver information manager...
[    9.188051] systemd[1]: Starting Load Kernel Modules...
         Starting Load Kernel Modules...
[    9.217907] systemd[1]: Mounting Huge Pages File System...
[    9.222199] Loading iSCSI transport class v2.0-870.
         Mounting Huge Pages File System...
[    9.238079] systemd[1]: Starting Uncomplicated firewall...
         Starting Uncomplicated firewall...
[    9.240795] systemd[1]: Starting Remount Root and Kernel File Systems...
         Starting Remount Root and Kernel File Systems...
[    9.243346] iscsi: registered transport (tcp)
[    9.243359] systemd[1]: Mounting Debug File System...
         Mounting Debug File System...
[    9.246123] systemd[1]: Starting Monitoring of LVM2 mirrors, snapshots etc. using dmeventd or progress polling...
         Starting Monitoring of LVM2 mirrors... dmeventd or progress polling...
[    9.249235] systemd[1]: Mounting POSIX Message Queue File System...
[    9.249586] EXT4-fs (sda1): re-mounted. Opts: (null)
         Mounting POSIX Message Queue File System...
[    9.252381] systemd[1]: Starting Create list of required static device nodes for the current kernel...
         Starting Create list of required st... nodes for the current kernel...
[    9.255190] systemd[1]: Listening on udev Control Socket.
[[0;32m  OK  [0m] Listening on udev Control Socket.
[    9.257359] systemd[1]: Starting Set console keymap...
         Starting Set console keymap...
[    9.259004] systemd[1]: Listening on LVM2 poll daemon socket.
[[0;32m  OK  [0m] Listening on LVM2 poll daemon socket.
[    9.262988] systemd[1]: Reached target Slices.
[[0;32m  OK  [0m] Reached target Slices.
[    9.265874] systemd[1]: Mounted Huge Pages File System.
[[0;32m  OK  [0m] Mounted Huge Pages File System.
[    9.267476] systemd[1]: Mounted Debug File System.
[[0;32m  OK  [0m] Mounted Debug File System.
[    9.268960] systemd[1]: Mounted POSIX Message Queue File System.
[[0;32m  OK  [0m] Mounted POSIX Message Queue File System.
[    9.270731] systemd[1]: Started Journal Service.
[[0;32m  OK  [0m] Started Journal Service.
[[0;32m  OK  [0m] Started Uncomplicated firewall.
[[0;32m  OK  [0m] Started Remount Root and Kernel File Systems.
[[0;32m  OK  [0m] Started Create list of required sta...ce nodes for the current kernel.
[[0;32m  OK  [0m] Started Nameserver information manager.
[[0;32m  OK  [0m] Started LVM2 metadata daemon.
[    9.299972] iscsi: registered transport (iser)
         Starting Create Static Device Nodes in /dev...
         Starting udev Coldplug all Devices...
         Starting Load/Save Random Seed...
         Starting Flush Journal to Persistent Storage...
[[0;32m  OK  [0m] Started Load Kernel Modules.
[[0;32m  OK  [0m] Started Set console keymap.
[[0;32m  OK  [0m] Started Create Static Device Nodes in /dev.
[    9.368272] random: nonblocking pool is initialized
[[0;32m  OK  [0m] Started Monitoring of LVM2 mirrors,...ng dmeventd or progress polling.
[[0;32m  OK  [0m] Started Load/Save Random Seed.
[[0;32m  OK  [0m] Started udev Coldplug all Devices.
[    9.419641] systemd-journald[382]: Received request to flush runtime journal from PID 1
         Starting udev Kernel Device Manager...
[[0;32m  OK  [0m] Reached target Local File Systems (Pre).
[[0;32m  OK  [0m] Reached target Local File Systems.
         Starting Commit a transient machine-id on disk...
[    9.526085] ACPI: Video Device [GFX0] (multi-head: yes  rom: no  post: no)
         Starting LSB: AppArmor initialization...
         [    9.545051] input: Video Bus as /devices/LNXSYSTM:00/LNXSYBUS:00/PNP0A03:00/LNXVIDEO:00/input/input5
Starting Tell Plymouth To Write Out Runtime Data...
         Starting Set console font and ke[    9.581315] vgdrvHeartbeatInit: Setting up heartbeat to trigger every 2000 milliseconds
ymap...
         [    9.597136] input: Unspecified device as /devices/pci0000:00/0000:00:04.0/input/input6
Starting Initial[    9.623237] vboxguest: misc device minor 55, IRQ 20, I/O port d020, MMIO at 00000000f0400000 (size 0x400000)
 cloud-init job (pre-networking)...
         Starting Apply Kernel Variables...
         Mounting FUSE Control File System...
[[0;32m  OK  [0m] Mounted FUSE Control File System.
[[0;32m  OK  [0m] Started udev Kernel Device Manager.
[[0;32m  OK  [0m] Started Flush Journal to Persistent Storage.
[[0;32m  OK  [0m] Started Commit a transient machine-id on disk.
[[0;32m  OK  [0m] Started Tell Plymouth To Write Out Runtime Data.
[[0;32m  OK  [0m] Started Apply Kernel Variables.
[[0;32m  OK  [0m] Found device /dev/ttyS0.
[[0;32m  OK  [0m] Listening on Load/Save RF Kill Switch Status /dev/rfkill Watch.
         Starting Create Volatile Files and Directories...
[[0;32m  OK  [0m] Started Dispatch Password Requests to Console Directory Watch.
[[0;32m  OK  [0m] Started Create Volatile Files and Directories.
         Starting Update UTMP about System Boot/Shutdown...
